2025-05-05T04:07:46.286+06:00  INFO 14905 --- [logging] [main] com.example.logging.LoggingApplication   : Starting LoggingApplication using Java 17.0.11 with PID 14905 (/Users/shadmanshariar/Downloads/logging/build/classes/java/main started by shadmanshariar in /Users/shadmanshariar/Downloads/logging)
2025-05-05T04:07:46.289+06:00  INFO 14905 --- [logging] [main] com.example.logging.LoggingApplication   : No active profile set, falling back to 1 default profile: "default"
2025-05-05T04:07:46.861+06:00  INFO 14905 --- [logging] [main] o.s.b.w.embedded.tomcat.TomcatWebServer  : Tomcat initialized with port 8080 (http)
2025-05-05T04:07:46.871+06:00  INFO 14905 --- [logging] [main] o.apache.catalina.core.StandardService   : Starting service [Tomcat]
2025-05-05T04:07:46.871+06:00  INFO 14905 --- [logging] [main] o.apache.catalina.core.StandardEngine    : Starting Servlet engine: [Apache Tomcat/10.1.40]
2025-05-05T04:07:46.906+06:00  INFO 14905 --- [logging] [main] o.a.c.c.C.[Tomcat].[localhost].[/]       : Initializing Spring embedded WebApplicationContext
2025-05-05T04:07:46.906+06:00  INFO 14905 --- [logging] [main] w.s.c.ServletWebServerApplicationContext : Root WebApplicationContext: initialization completed in 584 ms
2025-05-05T04:07:47.182+06:00  INFO 14905 --- [logging] [main] o.s.b.w.embedded.tomcat.TomcatWebServer  : Tomcat started on port 8080 (http) with context path '/'
2025-05-05T04:07:47.190+06:00  INFO 14905 --- [logging] [main] com.example.logging.LoggingApplication   : Started LoggingApplication in 1.255 seconds (process running for 1.528)
2025-05-05T04:07:52.491+06:00  INFO 14905 --- [logging] [http-nio-8080-exec-1] o.a.c.c.C.[Tomcat].[localhost].[/]       : Initializing Spring DispatcherServlet 'dispatcherServlet'
2025-05-05T04:07:52.491+06:00  INFO 14905 --- [logging] [http-nio-8080-exec-1] o.s.web.servlet.DispatcherServlet        : Initializing Servlet 'dispatcherServlet'
2025-05-05T04:07:52.492+06:00  INFO 14905 --- [logging] [http-nio-8080-exec-1] o.s.web.servlet.DispatcherServlet        : Completed initialization in 1 ms
2025-05-05T04:07:52.517+06:00  INFO 14905 --- [logging] [http-nio-8080-exec-1] c.e.logging.controller.HomeController    : This is home Api Calling : info
2025-05-05T04:07:52.517+06:00 ERROR 14905 --- [logging] [http-nio-8080-exec-1] c.e.logging.controller.HomeController    : This is home Api Calling : error
2025-05-05T04:07:53.323+06:00  INFO 14905 --- [logging] [http-nio-8080-exec-2] c.e.logging.controller.HomeController    : This is home Api Calling : info
2025-05-05T04:07:53.323+06:00 ERROR 14905 --- [logging] [http-nio-8080-exec-2] c.e.logging.controller.HomeController    : This is home Api Calling : error
2025-05-05T04:07:53.990+06:00  INFO 14905 --- [logging] [http-nio-8080-exec-3] c.e.logging.controller.HomeController    : This is home Api Calling : info
2025-05-05T04:07:53.990+06:00 ERROR 14905 --- [logging] [http-nio-8080-exec-3] c.e.logging.controller.HomeController    : This is home Api Calling : error
2025-05-05T04:07:54.525+06:00  INFO 14905 --- [logging] [http-nio-8080-exec-4] c.e.logging.controller.HomeController    : This is home Api Calling : info
2025-05-05T04:07:54.525+06:00 ERROR 14905 --- [logging] [http-nio-8080-exec-4] c.e.logging.controller.HomeController    : This is home Api Calling : error
2025-05-05T04:33:59.269+06:00  INFO 14905 --- [logging] [SpringApplicationShutdownHook] o.s.b.w.e.tomcat.GracefulShutdown        : Commencing graceful shutdown. Waiting for active requests to complete
2025-05-05T04:33:59.297+06:00  INFO 14905 --- [logging] [tomcat-shutdown] o.s.b.w.e.tomcat.GracefulShutdown        : Graceful shutdown complete
2025-05-05T04:34:00.997+06:00  INFO 15338 --- [logging] [main] com.example.logging.LoggingApplication   : Starting LoggingApplication using Java 17.0.11 with PID 15338 (/Users/shadmanshariar/Downloads/logging/build/classes/java/main started by shadmanshariar in /Users/shadmanshariar/Downloads/logging)
2025-05-05T04:34:01.000+06:00  INFO 15338 --- [logging] [main] com.example.logging.LoggingApplication   : No active profile set, falling back to 1 default profile: "default"
2025-05-05T04:34:01.567+06:00  INFO 15338 --- [logging] [main] o.s.b.w.embedded.tomcat.TomcatWebServer  : Tomcat initialized with port 8080 (http)
2025-05-05T04:34:01.576+06:00  INFO 15338 --- [logging] [main] o.apache.catalina.core.StandardService   : Starting service [Tomcat]
2025-05-05T04:34:01.577+06:00  INFO 15338 --- [logging] [main] o.apache.catalina.core.StandardEngine    : Starting Servlet engine: [Apache Tomcat/10.1.40]
2025-05-05T04:34:01.611+06:00  INFO 15338 --- [logging] [main] o.a.c.c.C.[Tomcat].[localhost].[/]       : Initializing Spring embedded WebApplicationContext
2025-05-05T04:34:01.612+06:00  INFO 15338 --- [logging] [main] w.s.c.ServletWebServerApplicationContext : Root WebApplicationContext: initialization completed in 578 ms
2025-05-05T04:34:01.836+06:00  INFO 15338 --- [logging] [main] o.s.b.w.embedded.tomcat.TomcatWebServer  : Tomcat started on port 8080 (http) with context path '/'
2025-05-05T04:34:01.843+06:00  INFO 15338 --- [logging] [main] com.example.logging.LoggingApplication   : Started LoggingApplication in 1.186 seconds (process running for 1.505)
2025-05-05T04:37:13.810+06:00  INFO 15338 --- [logging] [http-nio-8080-exec-1] o.a.c.c.C.[Tomcat].[localhost].[/]       : Initializing Spring DispatcherServlet 'dispatcherServlet'
2025-05-05T04:37:13.810+06:00  INFO 15338 --- [logging] [http-nio-8080-exec-1] o.s.web.servlet.DispatcherServlet        : Initializing Servlet 'dispatcherServlet'
2025-05-05T04:37:13.811+06:00  INFO 15338 --- [logging] [http-nio-8080-exec-1] o.s.web.servlet.DispatcherServlet        : Completed initialization in 0 ms
2025-05-05T04:37:13.837+06:00  INFO 15338 --- [logging] [http-nio-8080-exec-1] c.e.logging.controller.HomeController    : This is home Api Calling : info
2025-05-05T04:37:13.838+06:00 ERROR 15338 --- [logging] [http-nio-8080-exec-1] c.e.logging.controller.HomeController    : This is home Api Calling : error
2025-05-05T04:37:40.924+06:00  INFO 15338 --- [logging] [http-nio-8080-exec-2] c.e.logging.controller.HomeController    : This is home Api Calling : info
2025-05-05T04:37:40.925+06:00 ERROR 15338 --- [logging] [http-nio-8080-exec-2] c.e.logging.controller.HomeController    : This is home Api Calling : error
2025-05-05T04:39:44.788+06:00  INFO 15338 --- [logging] [SpringApplicationShutdownHook] o.s.b.w.e.tomcat.GracefulShutdown        : Commencing graceful shutdown. Waiting for active requests to complete
2025-05-05T04:39:44.804+06:00  INFO 15338 --- [logging] [tomcat-shutdown] o.s.b.w.e.tomcat.GracefulShutdown        : Graceful shutdown complete
2025-05-05T04:39:48.518+06:00  INFO 15466 --- [logging] [main] com.example.logging.LoggingApplication   : Starting LoggingApplication using Java 17.0.11 with PID 15466 (/Users/shadmanshariar/Downloads/logging/build/classes/java/main started by shadmanshariar in /Users/shadmanshariar/Downloads/logging)
2025-05-05T04:39:48.521+06:00  INFO 15466 --- [logging] [main] com.example.logging.LoggingApplication   : No active profile set, falling back to 1 default profile: "default"
2025-05-05T04:39:49.102+06:00  INFO 15466 --- [logging] [main] o.s.b.w.embedded.tomcat.TomcatWebServer  : Tomcat initialized with port 8080 (http)
2025-05-05T04:39:49.114+06:00  INFO 15466 --- [logging] [main] o.apache.catalina.core.StandardService   : Starting service [Tomcat]
2025-05-05T04:39:49.129+06:00  INFO 15466 --- [logging] [main] o.apache.catalina.core.StandardEngine    : Starting Servlet engine: [Apache Tomcat/10.1.40]
2025-05-05T04:39:49.178+06:00  INFO 15466 --- [logging] [main] o.a.c.c.C.[Tomcat].[localhost].[/]       : Initializing Spring embedded WebApplicationContext
2025-05-05T04:39:49.190+06:00  INFO 15466 --- [logging] [main] w.s.c.ServletWebServerApplicationContext : Root WebApplicationContext: initialization completed in 619 ms
2025-05-05T04:39:49.465+06:00  INFO 15466 --- [logging] [main] o.s.b.w.embedded.tomcat.TomcatWebServer  : Tomcat started on port 8080 (http) with context path '/'
2025-05-05T04:39:49.478+06:00  INFO 15466 --- [logging] [main] com.example.logging.LoggingApplication   : Started LoggingApplication in 1.303 seconds (process running for 1.515)
2025-05-05T04:39:59.382+06:00  INFO 15466 --- [logging] [http-nio-8080-exec-1] o.a.c.c.C.[Tomcat].[localhost].[/]       : Initializing Spring DispatcherServlet 'dispatcherServlet'
2025-05-05T04:39:59.383+06:00  INFO 15466 --- [logging] [http-nio-8080-exec-1] o.s.web.servlet.DispatcherServlet        : Initializing Servlet 'dispatcherServlet'
2025-05-05T04:39:59.383+06:00  INFO 15466 --- [logging] [http-nio-8080-exec-1] o.s.web.servlet.DispatcherServlet        : Completed initialization in 0 ms
2025-05-05T04:39:59.411+06:00  INFO 15466 --- [logging] [http-nio-8080-exec-1] c.e.logging.controller.HomeController    : This is home Api Calling : info67
2025-05-05T04:39:59.412+06:00 ERROR 15466 --- [logging] [http-nio-8080-exec-1] c.e.logging.controller.HomeController    : This is home Api Calling : error
2025-05-05T04:41:55.998+06:00  INFO 15466 --- [logging] [SpringApplicationShutdownHook] o.s.b.w.e.tomcat.GracefulShutdown        : Commencing graceful shutdown. Waiting for active requests to complete
2025-05-05T04:41:56.014+06:00  INFO 15466 --- [logging] [tomcat-shutdown] o.s.b.w.e.tomcat.GracefulShutdown        : Graceful shutdown complete
2025-05-05T04:41:58.631+06:00  INFO 15494 --- [logging] [main] com.example.logging.LoggingApplication   : Starting LoggingApplication using Java 17.0.11 with PID 15494 (/Users/shadmanshariar/Downloads/logging/build/classes/java/main started by shadmanshariar in /Users/shadmanshariar/Downloads/logging)
2025-05-05T04:41:58.633+06:00  INFO 15494 --- [logging] [main] com.example.logging.LoggingApplication   : No active profile set, falling back to 1 default profile: "default"
2025-05-05T04:41:59.167+06:00  INFO 15494 --- [logging] [main] o.s.b.w.embedded.tomcat.TomcatWebServer  : Tomcat initialized with port 8080 (http)
2025-05-05T04:41:59.176+06:00  INFO 15494 --- [logging] [main] o.apache.catalina.core.StandardService   : Starting service [Tomcat]
2025-05-05T04:41:59.177+06:00  INFO 15494 --- [logging] [main] o.apache.catalina.core.StandardEngine    : Starting Servlet engine: [Apache Tomcat/10.1.40]
2025-05-05T04:41:59.209+06:00  INFO 15494 --- [logging] [main] o.a.c.c.C.[Tomcat].[localhost].[/]       : Initializing Spring embedded WebApplicationContext
2025-05-05T04:41:59.209+06:00  INFO 15494 --- [logging] [main] w.s.c.ServletWebServerApplicationContext : Root WebApplicationContext: initialization completed in 542 ms
2025-05-05T04:41:59.427+06:00  INFO 15494 --- [logging] [main] o.s.b.w.embedded.tomcat.TomcatWebServer  : Tomcat started on port 8080 (http) with context path '/'
2025-05-05T04:41:59.434+06:00  INFO 15494 --- [logging] [main] com.example.logging.LoggingApplication   : Started LoggingApplication in 1.145 seconds (process running for 1.357)
2025-05-05T04:42:03.275+06:00  INFO 15494 --- [logging] [http-nio-8080-exec-1] o.a.c.c.C.[Tomcat].[localhost].[/]       : Initializing Spring DispatcherServlet 'dispatcherServlet'
2025-05-05T04:42:03.276+06:00  INFO 15494 --- [logging] [http-nio-8080-exec-1] o.s.web.servlet.DispatcherServlet        : Initializing Servlet 'dispatcherServlet'
2025-05-05T04:42:03.276+06:00  INFO 15494 --- [logging] [http-nio-8080-exec-1] o.s.web.servlet.DispatcherServlet        : Completed initialization in 0 ms
2025-05-05T04:42:03.306+06:00  INFO 15494 --- [logging] [http-nio-8080-exec-1] c.e.logging.controller.HomeController    : This is home API calling: info - id = 123
2025-05-05T04:42:03.308+06:00 ERROR 15494 --- [logging] [http-nio-8080-exec-1] c.e.logging.controller.HomeController    : This is home API calling: error - id = 123
2025-05-05T04:49:02.858+06:00  INFO 15494 --- [logging] [http-nio-8080-exec-4] c.e.logging.controller.HomeController    : This is home API calling: info - id = 123
2025-05-05T04:49:02.861+06:00 ERROR 15494 --- [logging] [http-nio-8080-exec-4] c.e.logging.controller.HomeController    : This is home API calling: error - id = 123
2025-05-05T04:49:05.072+06:00  INFO 15494 --- [logging] [http-nio-8080-exec-5] c.e.logging.controller.HomeController    : This is home API calling: info - id = 123
2025-05-05T04:49:05.073+06:00 ERROR 15494 --- [logging] [http-nio-8080-exec-5] c.e.logging.controller.HomeController    : This is home API calling: error - id = 123
2025-05-05T04:49:05.332+06:00  INFO 15494 --- [logging] [http-nio-8080-exec-6] c.e.logging.controller.HomeController    : This is home API calling: info - id = 123
2025-05-05T04:49:05.333+06:00 ERROR 15494 --- [logging] [http-nio-8080-exec-6] c.e.logging.controller.HomeController    : This is home API calling: error - id = 123
2025-05-05T04:49:05.537+06:00  INFO 15494 --- [logging] [http-nio-8080-exec-7] c.e.logging.controller.HomeController    : This is home API calling: info - id = 123
2025-05-05T04:49:05.537+06:00 ERROR 15494 --- [logging] [http-nio-8080-exec-7] c.e.logging.controller.HomeController    : This is home API calling: error - id = 123
2025-05-05T04:50:41.076+06:00  INFO 15494 --- [logging] [http-nio-8080-exec-10] c.e.logging.controller.HomeController    : This is home API calling: info - id = 123
2025-05-05T04:50:41.077+06:00 ERROR 15494 --- [logging] [http-nio-8080-exec-10] c.e.logging.controller.HomeController    : This is home API calling: error - id = 123
2025-05-05T04:51:35.071+06:00  INFO 15494 --- [logging] [http-nio-8080-exec-1] c.e.logging.controller.HomeController    : This is home API calling: info - id = 123
2025-05-05T04:51:35.071+06:00 ERROR 15494 --- [logging] [http-nio-8080-exec-1] c.e.logging.controller.HomeController    : This is home API calling: error - id = 123
2025-05-05T04:51:36.194+06:00  INFO 15494 --- [logging] [http-nio-8080-exec-3] c.e.logging.controller.HomeController    : This is home API calling: info - id = 123
2025-05-05T04:51:36.195+06:00 ERROR 15494 --- [logging] [http-nio-8080-exec-3] c.e.logging.controller.HomeController    : This is home API calling: error - id = 123
2025-05-05T04:54:18.968+06:00  INFO 15494 --- [logging] [http-nio-8080-exec-5] c.e.logging.controller.HomeController    : This is home API calling: info - id = 123
2025-05-05T04:54:18.969+06:00 ERROR 15494 --- [logging] [http-nio-8080-exec-5] c.e.logging.controller.HomeController    : This is home API calling: error - id = 123
2025-05-05T04:54:19.332+06:00  INFO 15494 --- [logging] [http-nio-8080-exec-6] c.e.logging.controller.HomeController    : This is home API calling: info - id = 123
2025-05-05T04:54:19.343+06:00 ERROR 15494 --- [logging] [http-nio-8080-exec-6] c.e.logging.controller.HomeController    : This is home API calling: error - id = 123
2025-05-05T04:54:19.518+06:00  INFO 15494 --- [logging] [http-nio-8080-exec-7] c.e.logging.controller.HomeController    : This is home API calling: info - id = 123
2025-05-05T04:54:19.519+06:00 ERROR 15494 --- [logging] [http-nio-8080-exec-7] c.e.logging.controller.HomeController    : This is home API calling: error - id = 123
2025-05-05T04:54:19.705+06:00  INFO 15494 --- [logging] [http-nio-8080-exec-8] c.e.logging.controller.HomeController    : This is home API calling: info - id = 123
2025-05-05T04:54:19.706+06:00 ERROR 15494 --- [logging] [http-nio-8080-exec-8] c.e.logging.controller.HomeController    : This is home API calling: error - id = 123
2025-05-05T04:55:09.699+06:00  INFO 15494 --- [logging] [http-nio-8080-exec-9] c.e.logging.controller.HomeController    : This is home API calling: info - id = 1345
2025-05-05T04:55:09.700+06:00 ERROR 15494 --- [logging] [http-nio-8080-exec-9] c.e.logging.controller.HomeController    : This is home API calling: error - id = 1345
2025-05-05T04:58:44.716+06:00  INFO 15494 --- [logging] [SpringApplicationShutdownHook] o.s.b.w.e.tomcat.GracefulShutdown        : Commencing graceful shutdown. Waiting for active requests to complete
2025-05-05T04:58:44.729+06:00  INFO 15494 --- [logging] [tomcat-shutdown] o.s.b.w.e.tomcat.GracefulShutdown        : Graceful shutdown complete
